01:49:11,423 root DEBUG ================WECHAT CHINESE ENVELOPE GAME===============
01:49:11,439 root DEBUG Sending red envelope | REQUEST ID - 74a711a8-b1b8-40d0-bc3e-627385074c4e | SENDER - ubuntu01 | AMOUNT- 3 TIMESTAMP 1
01:49:13,442 root DEBUG Sending red envelope | REQUEST ID - 7a1e45a4-6d8e-4b33-8dd1-cac2311b2cc1 | SENDER - ubuntu01 | AMOUNT- 168 TIMESTAMP 2
01:49:15,445 root DEBUG Sending red envelope | REQUEST ID - b04db321-ca33-410d-9326-b81ee348f95d | SENDER - ubuntu01 | AMOUNT- 152 TIMESTAMP 3
01:49:17,448 root DEBUG Sending red envelope | REQUEST ID - b879f958-1080-4783-993e-ce993b9b3ea3 | SENDER - ubuntu01 | AMOUNT- 64 TIMESTAMP 4
01:49:18,316 root DEBUG Sending ACK message | REQUEST ID - b879f958-1080-4783-993e-ce993b9b3ea3 | SENDER- ubuntu01 | CLAIMER- ubuntu03 | AMOUNT- 64| TIMESTAMP- 8
01:49:19,451 root DEBUG Sending red envelope | REQUEST ID - 92959848-cd9e-4f1c-a8ba-620a524cc4a9 | SENDER - ubuntu01 | AMOUNT- 131 TIMESTAMP 9
01:49:20,233 root DEBUG ubuntu01 wants to open the envelope | REQUEST ID - c87a31b3-bb13-43f6-8565-8d45d9712b3e | SENDER- ubuntu03 | AMOUNT- 195 TIMESTAMP- 12
01:49:20,234 root DEBUG Receiving ACK message | REQUEST ID - c87a31b3-bb13-43f6-8565-8d45d9712b3e | SENDER- ubuntu03 | AMOUNT - 195 | TIMESTAMP- 15
01:49:20,731 root DEBUG Sending ACK message | REQUEST ID - 2f60d45f-9778-43f3-8660-97540e81db1d | SENDER- ubuntu01 | CLAIMER- ubuntu03 | AMOUNT- 68| TIMESTAMP- 19
01:49:20,733 root DEBUG Received envelope money| REQUEST ID - 2f60d45f-9778-43f3-8660-97540e81db1d | AMOUNT - 68| RECEIVER - ubuntu03
01:49:20,870 root DEBUG ubuntu01 wants to open the envelope | REQUEST ID - 0b091933-580c-4df1-87cf-36cf8678dfef | SENDER- ubuntu03 | AMOUNT- 129 TIMESTAMP- 26
01:49:20,871 root DEBUG Receiving ACK message | REQUEST ID - 0b091933-580c-4df1-87cf-36cf8678dfef | SENDER- ubuntu02 | AMOUNT - 129 | TIMESTAMP- 29
01:49:20,872 root DEBUG Receiving ACK message | REQUEST ID - 0b091933-580c-4df1-87cf-36cf8678dfef | SENDER- ubuntu03 | AMOUNT - 129 | TIMESTAMP- 30
01:49:20,872 root DEBUG Sending Release resource message | REQUEST ID - 0b091933-580c-4df1-87cf-36cf8678dfef | SENDER- ubuntu01 | CLAIMER- ubuntu03 | AMOUNT-129| TIMESTAMP- 31
01:49:20,873 root DEBUG Received envelope money| REQUEST ID - 0b091933-580c-4df1-87cf-36cf8678dfef | AMOUNT - 129| RECEIVER - ubuntu01
01:49:21,454 root DEBUG Sending red envelope | REQUEST ID - cd2983be-e25c-45d3-9de9-abf2a24b5541 | SENDER - ubuntu01 | AMOUNT- 113 TIMESTAMP 36
01:49:21,568 root DEBUG Sending ACK message | REQUEST ID - cd2983be-e25c-45d3-9de9-abf2a24b5541 | SENDER- ubuntu01 | CLAIMER- ubuntu03 | AMOUNT- 113| TIMESTAMP- 40
01:49:21,570 root DEBUG Received envelope money| REQUEST ID - cd2983be-e25c-45d3-9de9-abf2a24b5541 | AMOUNT - 113| RECEIVER - ubuntu03
01:49:23,457 root DEBUG Sending red envelope | REQUEST ID - b2424485-9e88-41dc-9ccc-526e53ba9d58 | SENDER - ubuntu01 | AMOUNT- 173 TIMESTAMP 46
01:49:24,291 root DEBUG ubuntu01 wants to open the envelope | REQUEST ID - 5f207049-2888-46ac-afdf-0edbab1b722b | SENDER- ubuntu03 | AMOUNT- 66 TIMESTAMP- 48
01:49:24,292 root DEBUG Receiving ACK message | REQUEST ID - 5f207049-2888-46ac-afdf-0edbab1b722b | SENDER- ubuntu03 | AMOUNT - 66 | TIMESTAMP- 51
01:49:24,292 root DEBUG Receiving ACK message | REQUEST ID - 5f207049-2888-46ac-afdf-0edbab1b722b | SENDER- ubuntu02 | AMOUNT - 66 | TIMESTAMP- 52
01:49:24,292 root DEBUG Sending Release resource message | REQUEST ID - 5f207049-2888-46ac-afdf-0edbab1b722b | SENDER- ubuntu01 | CLAIMER- ubuntu02 | AMOUNT-66| TIMESTAMP- 53
01:49:24,293 root DEBUG Received envelope money| REQUEST ID - 5f207049-2888-46ac-afdf-0edbab1b722b | AMOUNT - 66| RECEIVER - ubuntu01
01:49:24,840 root DEBUG Sending ACK message | REQUEST ID - 48803546-92b7-4101-a661-1b7852579d8a | SENDER- ubuntu01 | CLAIMER- ubuntu03 | AMOUNT- 57| TIMESTAMP- 60
01:49:24,841 root DEBUG Received envelope money| REQUEST ID - 48803546-92b7-4101-a661-1b7852579d8a | AMOUNT - 57| RECEIVER - ubuntu03
01:49:25,100 root DEBUG ubuntu01 wants to open the envelope | REQUEST ID - 94734846-44a6-47cb-9be6-6c83bb97bd85 | SENDER- ubuntu03 | AMOUNT- 163 TIMESTAMP- 67
01:49:25,101 root DEBUG Receiving ACK message | REQUEST ID - 94734846-44a6-47cb-9be6-6c83bb97bd85 | SENDER- ubuntu03 | AMOUNT - 163 | TIMESTAMP- 70
01:49:25,101 root DEBUG Receiving ACK message | REQUEST ID - 94734846-44a6-47cb-9be6-6c83bb97bd85 | SENDER- ubuntu02 | AMOUNT - 163 | TIMESTAMP- 71
01:49:25,102 root DEBUG Sending Release resource message | REQUEST ID - 94734846-44a6-47cb-9be6-6c83bb97bd85 | SENDER- ubuntu01 | CLAIMER- ubuntu02 | AMOUNT-163| TIMESTAMP- 72
01:49:25,103 root DEBUG Received envelope money| REQUEST ID - 94734846-44a6-47cb-9be6-6c83bb97bd85 | AMOUNT - 163| RECEIVER - ubuntu01
01:49:25,295 root DEBUG Sending ACK message | REQUEST ID - 92959848-cd9e-4f1c-a8ba-620a524cc4a9 | SENDER- ubuntu01 | CLAIMER- ubuntu03 | AMOUNT- 131| TIMESTAMP- 78
01:49:25,297 root DEBUG Received envelope money| REQUEST ID - 92959848-cd9e-4f1c-a8ba-620a524cc4a9 | AMOUNT - 131| RECEIVER - ubuntu03
01:49:25,460 root DEBUG Sending red envelope | REQUEST ID - e364d2e5-ccce-4f80-a7a3-97db5d109dfd | SENDER - ubuntu01 | AMOUNT- 109 TIMESTAMP 84
01:49:25,488 root DEBUG Sending ACK message | REQUEST ID - 77ab7bcc-3283-450f-9f32-7ec2d1cea0de | SENDER- ubuntu01 | CLAIMER- ubuntu02 | AMOUNT- 26| TIMESTAMP- 87
01:49:25,489 root DEBUG Received envelope money| REQUEST ID - 77ab7bcc-3283-450f-9f32-7ec2d1cea0de | AMOUNT - 26| RECEIVER - ubuntu02
01:49:25,511 root DEBUG Sending ACK message | REQUEST ID - b2424485-9e88-41dc-9ccc-526e53ba9d58 | SENDER- ubuntu01 | CLAIMER- ubuntu02 | AMOUNT- 173| TIMESTAMP- 98
01:49:25,512 root DEBUG Received envelope money| REQUEST ID - b2424485-9e88-41dc-9ccc-526e53ba9d58 | AMOUNT - 173| RECEIVER - ubuntu02
01:49:25,513 root DEBUG Sending ACK message | REQUEST ID - b2424485-9e88-41dc-9ccc-526e53ba9d58 | SENDER- ubuntu01 | CLAIMER- ubuntu03 | AMOUNT- 173| TIMESTAMP- 105
01:49:25,952 root DEBUG Sending ACK message | REQUEST ID - f9529d2a-d7aa-4670-931b-1e6b773f7781 | SENDER- ubuntu01 | CLAIMER- ubuntu03 | AMOUNT- 36| TIMESTAMP- 112
01:49:25,953 root DEBUG Received envelope money| REQUEST ID - f9529d2a-d7aa-4670-931b-1e6b773f7781 | AMOUNT - 36| RECEIVER - ubuntu03
01:49:26,995 root DEBUG Host: ubuntu01 can't get the money since the envelope has already been opened
01:49:27,294 root DEBUG Sending ACK message | REQUEST ID - e364d2e5-ccce-4f80-a7a3-97db5d109dfd | SENDER- ubuntu01 | CLAIMER- ubuntu03 | AMOUNT- 109| TIMESTAMP- 124
01:49:27,296 root DEBUG Received envelope money| REQUEST ID - e364d2e5-ccce-4f80-a7a3-97db5d109dfd | AMOUNT - 109| RECEIVER - ubuntu03
01:49:27,463 root DEBUG Sending red envelope | REQUEST ID - 1a55a904-c69a-433d-9af4-9f5ace762e17 | SENDER - ubuntu01 | AMOUNT- 170 TIMESTAMP 130
01:49:28,314 root DEBUG Host: ubuntu01 can't get the money since the envelope has already been opened
01:49:28,331 root DEBUG Host: ubuntu01 can't get the money since the envelope has already been opened
01:49:28,749 root DEBUG Sending ACK message | REQUEST ID - 00171b3a-4d8d-4486-8a01-13238439b1b3 | SENDER- ubuntu01 | CLAIMER- ubuntu03 | AMOUNT- 174| TIMESTAMP- 136
01:49:28,750 root DEBUG Received envelope money| REQUEST ID - 00171b3a-4d8d-4486-8a01-13238439b1b3 | AMOUNT - 174| RECEIVER - ubuntu03
01:49:29,25 root DEBUG ubuntu01 wants to open the envelope | REQUEST ID - 71e4b41a-b277-4fe3-9a60-dfead64bd931 | SENDER- ubuntu03 | AMOUNT- 121 TIMESTAMP- 143
01:49:29,26 root DEBUG Receiving ACK message | REQUEST ID - 71e4b41a-b277-4fe3-9a60-dfead64bd931 | SENDER- ubuntu03 | AMOUNT - 121 | TIMESTAMP- 146
01:49:29,26 root DEBUG Receiving ACK message | REQUEST ID - 71e4b41a-b277-4fe3-9a60-dfead64bd931 | SENDER- ubuntu02 | AMOUNT - 121 | TIMESTAMP- 147
01:49:29,26 root DEBUG Sending Release resource message | REQUEST ID - 71e4b41a-b277-4fe3-9a60-dfead64bd931 | SENDER- ubuntu01 | CLAIMER- ubuntu02 | AMOUNT-121| TIMESTAMP- 148
01:49:29,27 root DEBUG Received envelope money| REQUEST ID - 71e4b41a-b277-4fe3-9a60-dfead64bd931 | AMOUNT - 121| RECEIVER - ubuntu01
01:49:29,163 root DEBUG ubuntu01 wants to open the envelope | REQUEST ID - c1b460fd-0f2e-42ca-bea4-9f42e1180b26 | SENDER- ubuntu03 | AMOUNT- 20 TIMESTAMP- 154
01:49:29,164 root DEBUG Receiving ACK message | REQUEST ID - c1b460fd-0f2e-42ca-bea4-9f42e1180b26 | SENDER- ubuntu02 | AMOUNT - 20 | TIMESTAMP- 157
01:49:29,164 root DEBUG Receiving ACK message | REQUEST ID - c1b460fd-0f2e-42ca-bea4-9f42e1180b26 | SENDER- ubuntu03 | AMOUNT - 20 | TIMESTAMP- 158
01:49:29,165 root DEBUG Sending Release resource message | REQUEST ID - c1b460fd-0f2e-42ca-bea4-9f42e1180b26 | SENDER- ubuntu01 | CLAIMER- ubuntu03 | AMOUNT-20| TIMESTAMP- 159
01:49:29,166 root DEBUG Received envelope money| REQUEST ID - c1b460fd-0f2e-42ca-bea4-9f42e1180b26 | AMOUNT - 20| RECEIVER - ubuntu01
01:49:29,213 root DEBUG Host: ubuntu01 can't get the money since the envelope has already been opened
01:49:29,414 root DEBUG Sending ACK message | REQUEST ID - 1a55a904-c69a-433d-9af4-9f5ace762e17 | SENDER- ubuntu01 | CLAIMER- ubuntu02 | AMOUNT- 170| TIMESTAMP- 165
01:49:29,416 root DEBUG Received envelope money| REQUEST ID - 1a55a904-c69a-433d-9af4-9f5ace762e17 | AMOUNT - 170| RECEIVER - ubuntu02
01:49:29,465 root DEBUG Sending red envelope | REQUEST ID - ff46e7c5-9ac9-4fd4-b12e-1d45277e0c42 | SENDER - ubuntu01 | AMOUNT- 68 TIMESTAMP 171
01:49:30,255 root DEBUG ubuntu01 wants to open the envelope | REQUEST ID - d6a5c395-5634-4023-af7e-afb7949e1604 | SENDER- ubuntu02 | AMOUNT- 105 TIMESTAMP- 173
01:49:30,256 root DEBUG Receiving ACK message | REQUEST ID - d6a5c395-5634-4023-af7e-afb7949e1604 | SENDER- ubuntu02 | AMOUNT - 105 | TIMESTAMP- 176
01:49:30,257 root DEBUG Receiving ACK message | REQUEST ID - d6a5c395-5634-4023-af7e-afb7949e1604 | SENDER- ubuntu03 | AMOUNT - 105 | TIMESTAMP- 177
01:49:30,257 root DEBUG Sending Release resource message | REQUEST ID - d6a5c395-5634-4023-af7e-afb7949e1604 | SENDER- ubuntu01 | CLAIMER- ubuntu03 | AMOUNT-105| TIMESTAMP- 178
01:49:30,258 root DEBUG Received envelope money| REQUEST ID - d6a5c395-5634-4023-af7e-afb7949e1604 | AMOUNT - 105| RECEIVER - ubuntu01
01:49:30,737 root DEBUG ubuntu01 wants to open the envelope | REQUEST ID - 01c053f4-3798-431c-ae84-74da6eda87db | SENDER- ubuntu02 | AMOUNT- 82 TIMESTAMP- 184
01:49:30,738 root DEBUG Receiving ACK message | REQUEST ID - 01c053f4-3798-431c-ae84-74da6eda87db | SENDER- ubuntu02 | AMOUNT - 82 | TIMESTAMP- 187
01:49:30,738 root DEBUG Receiving ACK message | REQUEST ID - 01c053f4-3798-431c-ae84-74da6eda87db | SENDER- ubuntu03 | AMOUNT - 82 | TIMESTAMP- 188
01:49:30,739 root DEBUG Sending Release resource message | REQUEST ID - 01c053f4-3798-431c-ae84-74da6eda87db | SENDER- ubuntu01 | CLAIMER- ubuntu03 | AMOUNT-82| TIMESTAMP- 189
01:49:30,740 root DEBUG Received envelope money| REQUEST ID - 01c053f4-3798-431c-ae84-74da6eda87db | AMOUNT - 82| RECEIVER - ubuntu01
01:49:31,468 root DEBUG Sending red envelope | REQUEST ID - d0c8d8d8-a67b-4f1e-a757-83c66f94e629 | SENDER - ubuntu01 | AMOUNT- 22 TIMESTAMP 194
01:49:31,928 root DEBUG Sending ACK message | REQUEST ID - d0c8d8d8-a67b-4f1e-a757-83c66f94e629 | SENDER- ubuntu01 | CLAIMER- ubuntu02 | AMOUNT- 22| TIMESTAMP- 198
01:49:31,929 root DEBUG Received envelope money| REQUEST ID - d0c8d8d8-a67b-4f1e-a757-83c66f94e629 | AMOUNT - 22| RECEIVER - ubuntu02
01:49:32,324 root DEBUG Host: ubuntu01 can't get the money since the envelope has already been opened
01:49:32,652 root DEBUG Sending ACK message | REQUEST ID - 4e78d48f-2ff5-46cf-906c-e1281b6c4b3b | SENDER- ubuntu01 | CLAIMER- ubuntu02 | AMOUNT- 179| TIMESTAMP- 210
01:49:32,653 root DEBUG Received envelope money| REQUEST ID - 4e78d48f-2ff5-46cf-906c-e1281b6c4b3b | AMOUNT - 179| RECEIVER - ubuntu02
01:49:32,706 root DEBUG Sending ACK message | REQUEST ID - 5a96fcb0-b174-48df-972c-8dbf302aa952 | SENDER- ubuntu01 | CLAIMER- ubuntu03 | AMOUNT- 105| TIMESTAMP- 220
01:49:32,707 root DEBUG Received envelope money| REQUEST ID - 5a96fcb0-b174-48df-972c-8dbf302aa952 | AMOUNT - 105| RECEIVER - ubuntu03
01:49:32,864 root DEBUG Sending ACK message | REQUEST ID - ff46e7c5-9ac9-4fd4-b12e-1d45277e0c42 | SENDER- ubuntu01 | CLAIMER- ubuntu02 | AMOUNT- 68| TIMESTAMP- 229
01:49:32,865 root DEBUG Received envelope money| REQUEST ID - ff46e7c5-9ac9-4fd4-b12e-1d45277e0c42 | AMOUNT - 68| RECEIVER - ubuntu02
01:49:33,471 root DEBUG Sending red envelope | REQUEST ID - fd830917-cf79-47ac-9a2b-0a426a831918 | SENDER - ubuntu01 | AMOUNT- 4 TIMESTAMP 235
01:49:33,551 root DEBUG Sending ACK message | REQUEST ID - fd830917-cf79-47ac-9a2b-0a426a831918 | SENDER- ubuntu01 | CLAIMER- ubuntu03 | AMOUNT- 4| TIMESTAMP- 239
01:49:33,552 root DEBUG Received envelope money| REQUEST ID - fd830917-cf79-47ac-9a2b-0a426a831918 | AMOUNT - 4| RECEIVER - ubuntu03
01:49:34,188 root DEBUG Host: ubuntu01 can't get the money since the envelope has already been opened
01:49:34,219 root DEBUG ubuntu01 wants to open the envelope | REQUEST ID - 8a6ed55b-300b-4dd9-8622-0157edc067b5 | SENDER- ubuntu03 | AMOUNT- 24 TIMESTAMP- 246
01:49:34,220 root DEBUG Receiving ACK message | REQUEST ID - 8a6ed55b-300b-4dd9-8622-0157edc067b5 | SENDER- ubuntu02 | AMOUNT - 24 | TIMESTAMP- 249
01:49:34,220 root DEBUG Receiving ACK message | REQUEST ID - 8a6ed55b-300b-4dd9-8622-0157edc067b5 | SENDER- ubuntu03 | AMOUNT - 24 | TIMESTAMP- 250
01:49:34,221 root DEBUG Sending Release resource message | REQUEST ID - 8a6ed55b-300b-4dd9-8622-0157edc067b5 | SENDER- ubuntu01 | CLAIMER- ubuntu03 | AMOUNT-24| TIMESTAMP- 251
01:49:34,222 root DEBUG Received envelope money| REQUEST ID - 8a6ed55b-300b-4dd9-8622-0157edc067b5 | AMOUNT - 24| RECEIVER - ubuntu01
01:49:34,792 root DEBUG ubuntu01 wants to open the envelope | REQUEST ID - 83ece6f9-b0b5-449d-a09d-bd949b2e18ec | SENDER- ubuntu02 | AMOUNT- 109 TIMESTAMP- 257
01:49:34,793 root DEBUG Receiving ACK message | REQUEST ID - 83ece6f9-b0b5-449d-a09d-bd949b2e18ec | SENDER- ubuntu02 | AMOUNT - 109 | TIMESTAMP- 260
01:49:34,793 root DEBUG Receiving ACK message | REQUEST ID - 83ece6f9-b0b5-449d-a09d-bd949b2e18ec | SENDER- ubuntu03 | AMOUNT - 109 | TIMESTAMP- 261
01:49:34,793 root DEBUG Sending Release resource message | REQUEST ID - 83ece6f9-b0b5-449d-a09d-bd949b2e18ec | SENDER- ubuntu01 | CLAIMER- ubuntu03 | AMOUNT-109| TIMESTAMP- 262
01:49:34,794 root DEBUG Received envelope money| REQUEST ID - 83ece6f9-b0b5-449d-a09d-bd949b2e18ec | AMOUNT - 109| RECEIVER - ubuntu01
01:49:35,474 root DEBUG Sending red envelope | REQUEST ID - 4e07e1a0-ebfe-4de5-9b7d-a5d5e0a211a6 | SENDER - ubuntu01 | AMOUNT- 23 TIMESTAMP 267
01:49:36,298 root DEBUG ubuntu01 wants to open the envelope | REQUEST ID - c840a0eb-0aa1-49ac-9b86-1126a216329a | SENDER- ubuntu03 | AMOUNT- 64 TIMESTAMP- 269
01:49:36,299 root DEBUG Receiving ACK message | REQUEST ID - c840a0eb-0aa1-49ac-9b86-1126a216329a | SENDER- ubuntu02 | AMOUNT - 64 | TIMESTAMP- 272
01:49:36,299 root DEBUG Receiving ACK message | REQUEST ID - c840a0eb-0aa1-49ac-9b86-1126a216329a | SENDER- ubuntu03 | AMOUNT - 64 | TIMESTAMP- 273
01:49:36,301 root DEBUG Sending Release resource message | REQUEST ID - c840a0eb-0aa1-49ac-9b86-1126a216329a | SENDER- ubuntu01 | CLAIMER- ubuntu03 | AMOUNT-64| TIMESTAMP- 274
01:49:36,301 root DEBUG Received envelope money| REQUEST ID - c840a0eb-0aa1-49ac-9b86-1126a216329a | AMOUNT - 64| RECEIVER - ubuntu01
01:49:36,302 root DEBUG Sending ACK message | REQUEST ID - c840a0eb-0aa1-49ac-9b86-1126a216329a | SENDER- ubuntu01 | CLAIMER- ubuntu02 | AMOUNT- 64| TIMESTAMP- 279
01:49:36,980 root DEBUG ubuntu01 wants to open the envelope | REQUEST ID - 11d46c52-f9ff-4cbf-9920-347e2f0d2eda | SENDER- ubuntu02 | AMOUNT- 137 TIMESTAMP- 284
01:49:36,981 root DEBUG Receiving ACK message | REQUEST ID - 11d46c52-f9ff-4cbf-9920-347e2f0d2eda | SENDER- ubuntu02 | AMOUNT - 137 | TIMESTAMP- 287
01:49:36,982 root DEBUG Receiving ACK message | REQUEST ID - 11d46c52-f9ff-4cbf-9920-347e2f0d2eda | SENDER- ubuntu03 | AMOUNT - 137 | TIMESTAMP- 288
01:49:36,982 root DEBUG Sending Release resource message | REQUEST ID - 11d46c52-f9ff-4cbf-9920-347e2f0d2eda | SENDER- ubuntu01 | CLAIMER- ubuntu03 | AMOUNT-137| TIMESTAMP- 289
01:49:36,983 root DEBUG Received envelope money| REQUEST ID - 11d46c52-f9ff-4cbf-9920-347e2f0d2eda | AMOUNT - 137| RECEIVER - ubuntu01
01:49:37,477 root DEBUG Sending red envelope | REQUEST ID - d46de202-7213-4d9c-aa53-b25562a4dca6 | SENDER - ubuntu01 | AMOUNT- 117 TIMESTAMP 294
01:49:38,272 root DEBUG Host: ubuntu01 can't get the money since the envelope has already been opened
01:49:38,484 root DEBUG ubuntu01 wants to open the envelope | REQUEST ID - 68854d62-cbdd-4e15-a193-31392dd1183a | SENDER- ubuntu03 | AMOUNT- 16 TIMESTAMP- 296
01:49:38,485 root DEBUG Receiving ACK message | REQUEST ID - 68854d62-cbdd-4e15-a193-31392dd1183a | SENDER- ubuntu02 | AMOUNT - 16 | TIMESTAMP- 299
01:49:38,486 root DEBUG Receiving ACK message | REQUEST ID - 68854d62-cbdd-4e15-a193-31392dd1183a | SENDER- ubuntu03 | AMOUNT - 16 | TIMESTAMP- 300
01:49:38,486 root DEBUG Sending Release resource message | REQUEST ID - 68854d62-cbdd-4e15-a193-31392dd1183a | SENDER- ubuntu01 | CLAIMER- ubuntu03 | AMOUNT-16| TIMESTAMP- 301
01:49:38,487 root DEBUG Received envelope money| REQUEST ID - 68854d62-cbdd-4e15-a193-31392dd1183a | AMOUNT - 16| RECEIVER - ubuntu01
01:49:38,795 root DEBUG Sending ACK message | REQUEST ID - d8b728a5-883f-49b5-aa8b-e439febbe313 | SENDER- ubuntu01 | CLAIMER- ubuntu02 | AMOUNT- 178| TIMESTAMP- 308
01:49:38,796 root DEBUG Received envelope money| REQUEST ID - d8b728a5-883f-49b5-aa8b-e439febbe313 | AMOUNT - 178| RECEIVER - ubuntu02
01:49:38,859 root DEBUG Sending ACK message | REQUEST ID - 4e07e1a0-ebfe-4de5-9b7d-a5d5e0a211a6 | SENDER- ubuntu01 | CLAIMER- ubuntu02 | AMOUNT- 23| TIMESTAMP- 319
01:49:38,860 root DEBUG Received envelope money| REQUEST ID - 4e07e1a0-ebfe-4de5-9b7d-a5d5e0a211a6 | AMOUNT - 23| RECEIVER - ubuntu02
01:49:38,914 root DEBUG Sending ACK message | REQUEST ID - 1c6287d0-2327-4892-a603-a521ebeae340 | SENDER- ubuntu01 | CLAIMER- ubuntu03 | AMOUNT- 97| TIMESTAMP- 328
01:49:38,915 root DEBUG Received envelope money| REQUEST ID - 1c6287d0-2327-4892-a603-a521ebeae340 | AMOUNT - 97| RECEIVER - ubuntu03
01:49:38,929 root DEBUG Sending ACK message | REQUEST ID - d46de202-7213-4d9c-aa53-b25562a4dca6 | SENDER- ubuntu01 | CLAIMER- ubuntu02 | AMOUNT- 117| TIMESTAMP- 337
01:49:38,930 root DEBUG Received envelope money| REQUEST ID - d46de202-7213-4d9c-aa53-b25562a4dca6 | AMOUNT - 117| RECEIVER - ubuntu02
01:49:39,480 root DEBUG Sending red envelope | REQUEST ID - 45422372-509c-448b-995e-3feba80c2587 | SENDER - ubuntu01 | AMOUNT- 70 TIMESTAMP 343
01:49:41,195 root DEBUG Sending ACK message | REQUEST ID - a99ef7e3-6b4a-4264-bf29-444956ac3d25 | SENDER- ubuntu01 | CLAIMER- ubuntu02 | AMOUNT- 167| TIMESTAMP- 349
01:49:41,196 root DEBUG Received envelope money| REQUEST ID - a99ef7e3-6b4a-4264-bf29-444956ac3d25 | AMOUNT - 167| RECEIVER - ubuntu02
01:49:41,340 root DEBUG Sending ACK message | REQUEST ID - 45422372-509c-448b-995e-3feba80c2587 | SENDER- ubuntu01 | CLAIMER- ubuntu02 | AMOUNT- 70| TIMESTAMP- 360
01:49:41,342 root DEBUG Received envelope money| REQUEST ID - 45422372-509c-448b-995e-3feba80c2587 | AMOUNT - 70| RECEIVER - ubuntu02
01:49:41,483 root DEBUG Sending red envelope | REQUEST ID - 4cf187f3-ed40-409d-a0d1-9991c6c7f0a2 | SENDER - ubuntu01 | AMOUNT- 180 TIMESTAMP 366
01:49:42,181 root DEBUG Host: ubuntu01 can't get the money since the envelope has already been opened
01:49:42,274 root DEBUG Sending ACK message | REQUEST ID - 4cf187f3-ed40-409d-a0d1-9991c6c7f0a2 | SENDER- ubuntu01 | CLAIMER- ubuntu03 | AMOUNT- 180| TIMESTAMP- 370
01:49:42,275 root DEBUG Received envelope money| REQUEST ID - 4cf187f3-ed40-409d-a0d1-9991c6c7f0a2 | AMOUNT - 180| RECEIVER - ubuntu03
01:49:42,426 root DEBUG Sending ACK message | REQUEST ID - 83f75ec4-9b0c-44b0-b0a1-126ff1078117 | SENDER- ubuntu01 | CLAIMER- ubuntu03 | AMOUNT- 70| TIMESTAMP- 381
01:49:42,427 root DEBUG Received envelope money| REQUEST ID - 83f75ec4-9b0c-44b0-b0a1-126ff1078117 | AMOUNT - 70| RECEIVER - ubuntu03
01:49:42,699 root DEBUG Host: ubuntu01 can't get the money since the envelope has already been opened
01:49:42,867 root DEBUG Host: ubuntu01 can't get the money since the envelope has already been opened
01:49:43,122 root DEBUG ubuntu01 wants to open the envelope | REQUEST ID - d5294dfe-f044-4d50-b77c-a54b97f42d58 | SENDER- ubuntu03 | AMOUNT- 25 TIMESTAMP- 391
01:49:43,123 root DEBUG Receiving ACK message | REQUEST ID - d5294dfe-f044-4d50-b77c-a54b97f42d58 | SENDER- ubuntu02 | AMOUNT - 25 | TIMESTAMP- 394
01:49:43,124 root DEBUG Receiving ACK message | REQUEST ID - d5294dfe-f044-4d50-b77c-a54b97f42d58 | SENDER- ubuntu03 | AMOUNT - 25 | TIMESTAMP- 395
01:49:43,124 root DEBUG Sending Release resource message | REQUEST ID - d5294dfe-f044-4d50-b77c-a54b97f42d58 | SENDER- ubuntu01 | CLAIMER- ubuntu03 | AMOUNT-25| TIMESTAMP- 396
01:49:43,125 root DEBUG Received envelope money| REQUEST ID - d5294dfe-f044-4d50-b77c-a54b97f42d58 | AMOUNT - 25| RECEIVER - ubuntu01
01:49:43,486 root DEBUG Sending red envelope | REQUEST ID - 8b62f53e-a8a8-46bd-8ea3-f5c07a4bf810 | SENDER - ubuntu01 | AMOUNT- 130 TIMESTAMP 401
01:49:43,887 root DEBUG Sending ACK message | REQUEST ID - cefe46f8-6d9d-4b7e-9135-92be9bbe5c9c | SENDER- ubuntu01 | CLAIMER- ubuntu03 | AMOUNT- 73| TIMESTAMP- 403
01:49:43,889 root DEBUG Received envelope money| REQUEST ID - cefe46f8-6d9d-4b7e-9135-92be9bbe5c9c | AMOUNT - 73| RECEIVER - ubuntu03
01:49:44,82 root DEBUG Host: ubuntu01 can't get the money since the envelope has already been opened
01:49:44,640 root DEBUG Host: ubuntu01 can't get the money since the envelope has already been opened
01:49:44,866 root DEBUG ubuntu01 wants to open the envelope | REQUEST ID - 368f9e8a-c87e-4622-adba-e4dd01ce5225 | SENDER- ubuntu03 | AMOUNT- 59 TIMESTAMP- 413
01:49:44,867 root DEBUG Receiving ACK message | REQUEST ID - 368f9e8a-c87e-4622-adba-e4dd01ce5225 | SENDER- ubuntu02 | AMOUNT - 59 | TIMESTAMP- 416
01:49:44,867 root DEBUG Receiving ACK message | REQUEST ID - 368f9e8a-c87e-4622-adba-e4dd01ce5225 | SENDER- ubuntu03 | AMOUNT - 59 | TIMESTAMP- 417
01:49:44,867 root DEBUG Sending Release resource message | REQUEST ID - 368f9e8a-c87e-4622-adba-e4dd01ce5225 | SENDER- ubuntu01 | CLAIMER- ubuntu03 | AMOUNT-59| TIMESTAMP- 418
01:49:44,868 root DEBUG Received envelope money| REQUEST ID - 368f9e8a-c87e-4622-adba-e4dd01ce5225 | AMOUNT - 59| RECEIVER - ubuntu01
01:49:45,488 root DEBUG Sending red envelope | REQUEST ID - e2b10c26-bcb7-461d-9d80-f99ffb0bc069 | SENDER - ubuntu01 | AMOUNT- 11 TIMESTAMP 423
01:49:46,15 root DEBUG Sending ACK message | REQUEST ID - e2b10c26-bcb7-461d-9d80-f99ffb0bc069 | SENDER- ubuntu01 | CLAIMER- ubuntu02 | AMOUNT- 11| TIMESTAMP- 427
01:49:46,16 root DEBUG Received envelope money| REQUEST ID - e2b10c26-bcb7-461d-9d80-f99ffb0bc069 | AMOUNT - 11| RECEIVER - ubuntu02
01:49:46,888 root DEBUG ubuntu01 wants to open the envelope | REQUEST ID - 84c6a146-ab79-4163-b322-2c8e067bf6a4 | SENDER- ubuntu03 | AMOUNT- 7 TIMESTAMP- 435
01:49:46,889 root DEBUG Receiving ACK message | REQUEST ID - 84c6a146-ab79-4163-b322-2c8e067bf6a4 | SENDER- ubuntu02 | AMOUNT - 7 | TIMESTAMP- 438
01:49:46,889 root DEBUG Receiving ACK message | REQUEST ID - 84c6a146-ab79-4163-b322-2c8e067bf6a4 | SENDER- ubuntu03 | AMOUNT - 7 | TIMESTAMP- 439
01:49:46,889 root DEBUG Sending Release resource message | REQUEST ID - 84c6a146-ab79-4163-b322-2c8e067bf6a4 | SENDER- ubuntu01 | CLAIMER- ubuntu03 | AMOUNT-7| TIMESTAMP- 440
01:49:46,890 root DEBUG Received envelope money| REQUEST ID - 84c6a146-ab79-4163-b322-2c8e067bf6a4 | AMOUNT - 7| RECEIVER - ubuntu01
01:49:47,375 root DEBUG ubuntu01 wants to open the envelope | REQUEST ID - 261ec6ce-cdee-4054-903e-939fbb866af7 | SENDER- ubuntu02 | AMOUNT- 7 TIMESTAMP- 446
01:49:47,376 root DEBUG Receiving ACK message | REQUEST ID - 261ec6ce-cdee-4054-903e-939fbb866af7 | SENDER- ubuntu03 | AMOUNT - 7 | TIMESTAMP- 449
01:49:47,377 root DEBUG Receiving ACK message | REQUEST ID - 261ec6ce-cdee-4054-903e-939fbb866af7 | SENDER- ubuntu02 | AMOUNT - 7 | TIMESTAMP- 450
01:49:47,378 root DEBUG Sending Release resource message | REQUEST ID - 261ec6ce-cdee-4054-903e-939fbb866af7 | SENDER- ubuntu01 | CLAIMER- ubuntu02 | AMOUNT-7| TIMESTAMP- 451
01:49:47,378 root DEBUG Received envelope money| REQUEST ID - 261ec6ce-cdee-4054-903e-939fbb866af7 | AMOUNT - 7| RECEIVER - ubuntu01
01:49:47,379 root DEBUG ubuntu01 wants to open the envelope | REQUEST ID - 856e1ee7-46ee-4f99-9abd-e57699134916 | SENDER- ubuntu02 | AMOUNT- 48 TIMESTAMP- 453
01:49:47,380 root DEBUG Receiving ACK message | REQUEST ID - 856e1ee7-46ee-4f99-9abd-e57699134916 | SENDER- ubuntu03 | AMOUNT - 48 | TIMESTAMP- 456
01:49:47,380 root DEBUG Receiving ACK message | REQUEST ID - 856e1ee7-46ee-4f99-9abd-e57699134916 | SENDER- ubuntu02 | AMOUNT - 48 | TIMESTAMP- 457
01:49:47,380 root DEBUG Sending Release resource message | REQUEST ID - 856e1ee7-46ee-4f99-9abd-e57699134916 | SENDER- ubuntu01 | CLAIMER- ubuntu02 | AMOUNT-48| TIMESTAMP- 458
01:49:47,381 root DEBUG Received envelope money| REQUEST ID - 856e1ee7-46ee-4f99-9abd-e57699134916 | AMOUNT - 48| RECEIVER - ubuntu01
01:49:47,491 root DEBUG Sending red envelope | REQUEST ID - 51c96d08-831e-4f44-adc4-a722d3ccd0a0 | SENDER - ubuntu01 | AMOUNT- 91 TIMESTAMP 463
01:49:48,55 root DEBUG Sending ACK message | REQUEST ID - 51c96d08-831e-4f44-adc4-a722d3ccd0a0 | SENDER- ubuntu01 | CLAIMER- ubuntu02 | AMOUNT- 91| TIMESTAMP- 467
01:49:48,56 root DEBUG Received envelope money| REQUEST ID - 51c96d08-831e-4f44-adc4-a722d3ccd0a0 | AMOUNT - 91| RECEIVER - ubuntu02
01:49:48,655 root DEBUG Sending ACK message | REQUEST ID - ce38db11-8d12-49af-bd1c-3c5a36c25d9e | SENDER- ubuntu01 | CLAIMER- ubuntu03 | AMOUNT- 20| TIMESTAMP- 479
01:49:48,657 root DEBUG Received envelope money| REQUEST ID - ce38db11-8d12-49af-bd1c-3c5a36c25d9e | AMOUNT - 20| RECEIVER - ubuntu03
01:49:48,714 root DEBUG Host: ubuntu01 can't get the money since the envelope has already been opened
01:49:49,219 root DEBUG Sending ACK message | REQUEST ID - 8b62f53e-a8a8-46bd-8ea3-f5c07a4bf810 | SENDER- ubuntu01 | CLAIMER- ubuntu03 | AMOUNT- 130| TIMESTAMP- 491
01:49:49,221 root DEBUG Received envelope money| REQUEST ID - 8b62f53e-a8a8-46bd-8ea3-f5c07a4bf810 | AMOUNT - 130| RECEIVER - ubuntu03
01:49:49,384 root DEBUG ubuntu01 wants to open the envelope | REQUEST ID - 5c4d0555-44c2-4e03-8d05-71d31f7ea26c | SENDER- ubuntu03 | AMOUNT- 100 TIMESTAMP- 498
01:49:49,385 root DEBUG Receiving ACK message | REQUEST ID - 5c4d0555-44c2-4e03-8d05-71d31f7ea26c | SENDER- ubuntu03 | AMOUNT - 100 | TIMESTAMP- 501
01:49:49,385 root DEBUG Receiving ACK message | REQUEST ID - 5c4d0555-44c2-4e03-8d05-71d31f7ea26c | SENDER- ubuntu02 | AMOUNT - 100 | TIMESTAMP- 502
01:49:49,386 root DEBUG Sending Release resource message | REQUEST ID - 5c4d0555-44c2-4e03-8d05-71d31f7ea26c | SENDER- ubuntu01 | CLAIMER- ubuntu02 | AMOUNT-100| TIMESTAMP- 503
01:49:49,387 root DEBUG Received envelope money| REQUEST ID - 5c4d0555-44c2-4e03-8d05-71d31f7ea26c | AMOUNT - 100| RECEIVER - ubuntu01
01:49:49,494 root DEBUG Sending red envelope | REQUEST ID - 2ec06be9-0654-417b-a75b-1a7efd0961fc | SENDER - ubuntu01 | AMOUNT- 170 TIMESTAMP 508
01:49:51,360 root DEBUG Sending ACK message | REQUEST ID - 81c25ffe-a640-44de-a5fc-d232fb4f2a00 | SENDER- ubuntu01 | CLAIMER- ubuntu02 | AMOUNT- 164| TIMESTAMP- 510
01:49:51,363 root DEBUG Received envelope money| REQUEST ID - 81c25ffe-a640-44de-a5fc-d232fb4f2a00 | AMOUNT - 164| RECEIVER - ubuntu02
01:49:51,497 root DEBUG Sending red envelope | REQUEST ID - 3a9bebcd-71b4-4846-ac93-84d3fa089d31 | SENDER - ubuntu01 | AMOUNT- 67 TIMESTAMP 516
01:49:51,791 root DEBUG Sending ACK message | REQUEST ID - bf40da97-0ab5-42b0-a23f-35a80b795f63 | SENDER- ubuntu01 | CLAIMER- ubuntu03 | AMOUNT- 169| TIMESTAMP- 519
01:49:51,793 root DEBUG Received envelope money| REQUEST ID - bf40da97-0ab5-42b0-a23f-35a80b795f63 | AMOUNT - 169| RECEIVER - ubuntu03
01:49:51,960 root DEBUG Host: ubuntu01 can't get the money since the envelope has already been opened
01:49:52,392 root DEBUG Sending ACK message | REQUEST ID - 2ec06be9-0654-417b-a75b-1a7efd0961fc | SENDER- ubuntu01 | CLAIMER- ubuntu03 | AMOUNT- 170| TIMESTAMP- 530
01:49:52,394 root DEBUG Received envelope money| REQUEST ID - 2ec06be9-0654-417b-a75b-1a7efd0961fc | AMOUNT - 170| RECEIVER - ubuntu03
01:49:52,709 root DEBUG Sending ACK message | REQUEST ID - 3a9bebcd-71b4-4846-ac93-84d3fa089d31 | SENDER- ubuntu01 | CLAIMER- ubuntu02 | AMOUNT- 67| TIMESTAMP- 540
01:49:52,711 root DEBUG Received envelope money| REQUEST ID - 3a9bebcd-71b4-4846-ac93-84d3fa089d31 | AMOUNT - 67| RECEIVER - ubuntu02
01:49:52,953 root DEBUG ubuntu01 wants to open the envelope | REQUEST ID - d9890aa7-f539-4746-873c-8469f603bc82 | SENDER- ubuntu02 | AMOUNT- 133 TIMESTAMP- 547
01:49:52,954 root DEBUG Receiving ACK message | REQUEST ID - d9890aa7-f539-4746-873c-8469f603bc82 | SENDER- ubuntu03 | AMOUNT - 133 | TIMESTAMP- 550
01:49:52,955 root DEBUG Receiving ACK message | REQUEST ID - d9890aa7-f539-4746-873c-8469f603bc82 | SENDER- ubuntu02 | AMOUNT - 133 | TIMESTAMP- 551
01:49:52,955 root DEBUG Sending Release resource message | REQUEST ID - d9890aa7-f539-4746-873c-8469f603bc82 | SENDER- ubuntu01 | CLAIMER- ubuntu02 | AMOUNT-133| TIMESTAMP- 552
01:49:52,956 root DEBUG Received envelope money| REQUEST ID - d9890aa7-f539-4746-873c-8469f603bc82 | AMOUNT - 133| RECEIVER - ubuntu01
01:49:53,500 root DEBUG Sending red envelope | REQUEST ID - 6da61d05-40b6-4834-a4c1-f4389c64ca1e | SENDER - ubuntu01 | AMOUNT- 185 TIMESTAMP 557
01:49:54,87 root DEBUG ubuntu01 wants to open the envelope | REQUEST ID - 76b6e3f2-edf1-4b73-882c-aa22cacbfa6e | SENDER- ubuntu03 | AMOUNT- 3 TIMESTAMP- 559
01:49:54,88 root DEBUG Receiving ACK message | REQUEST ID - 76b6e3f2-edf1-4b73-882c-aa22cacbfa6e | SENDER- ubuntu03 | AMOUNT - 3 | TIMESTAMP- 562
01:49:54,89 root DEBUG Receiving ACK message | REQUEST ID - 76b6e3f2-edf1-4b73-882c-aa22cacbfa6e | SENDER- ubuntu02 | AMOUNT - 3 | TIMESTAMP- 563
01:49:54,90 root DEBUG Sending Release resource message | REQUEST ID - 76b6e3f2-edf1-4b73-882c-aa22cacbfa6e | SENDER- ubuntu01 | CLAIMER- ubuntu02 | AMOUNT-3| TIMESTAMP- 564
01:49:54,90 root DEBUG Received envelope money| REQUEST ID - 76b6e3f2-edf1-4b73-882c-aa22cacbfa6e | AMOUNT - 3| RECEIVER - ubuntu01
01:49:54,983 root DEBUG Sending ACK message | REQUEST ID - 54f64e64-b648-434d-84fe-0383f57744cc | SENDER- ubuntu01 | CLAIMER- ubuntu02 | AMOUNT- 160| TIMESTAMP- 571
01:49:54,984 root DEBUG Received envelope money| REQUEST ID - 54f64e64-b648-434d-84fe-0383f57744cc | AMOUNT - 160| RECEIVER - ubuntu02
01:49:55,357 root DEBUG ubuntu01 wants to open the envelope | REQUEST ID - a9dd1a9c-d3b3-44ce-9451-2cd0f043e00f | SENDER- ubuntu02 | AMOUNT- 3 TIMESTAMP- 578
01:49:55,358 root DEBUG Receiving ACK message | REQUEST ID - a9dd1a9c-d3b3-44ce-9451-2cd0f043e00f | SENDER- ubuntu02 | AMOUNT - 3 | TIMESTAMP- 581
01:49:55,358 root DEBUG Receiving ACK message | REQUEST ID - a9dd1a9c-d3b3-44ce-9451-2cd0f043e00f | SENDER- ubuntu03 | AMOUNT - 3 | TIMESTAMP- 582
01:49:55,358 root DEBUG Sending Release resource message | REQUEST ID - a9dd1a9c-d3b3-44ce-9451-2cd0f043e00f | SENDER- ubuntu01 | CLAIMER- ubuntu03 | AMOUNT-3| TIMESTAMP- 583
01:49:55,359 root DEBUG Received envelope money| REQUEST ID - a9dd1a9c-d3b3-44ce-9451-2cd0f043e00f | AMOUNT - 3| RECEIVER - ubuntu01
01:49:55,422 root DEBUG Host: ubuntu01 can't get the money since the envelope has already been opened
01:49:55,501 root DEBUG Sending red envelope | REQUEST ID - 55a5aae5-debe-437a-bfd0-7f57f18ab670 | SENDER - ubuntu01 | AMOUNT- 52 TIMESTAMP 588
01:49:56,131 root DEBUG Host: ubuntu01 can't get the money since the envelope has already been opened
01:49:57,325 root DEBUG Sending ACK message | REQUEST ID - 55a5aae5-debe-437a-bfd0-7f57f18ab670 | SENDER- ubuntu01 | CLAIMER- ubuntu02 | AMOUNT- 52| TIMESTAMP- 592
01:49:57,326 root DEBUG Received envelope money| REQUEST ID - 55a5aae5-debe-437a-bfd0-7f57f18ab670 | AMOUNT - 52| RECEIVER - ubuntu02
01:49:57,504 root DEBUG Sending red envelope | REQUEST ID - 5cf6e096-1e77-4363-94a8-e20e19787dfb | SENDER - ubuntu01 | AMOUNT- 47 TIMESTAMP 598
01:49:58,78 root DEBUG Sending ACK message | REQUEST ID - 6da61d05-40b6-4834-a4c1-f4389c64ca1e | SENDER- ubuntu01 | CLAIMER- ubuntu02 | AMOUNT- 185| TIMESTAMP- 603
01:49:58,80 root DEBUG Received envelope money| REQUEST ID - 6da61d05-40b6-4834-a4c1-f4389c64ca1e | AMOUNT - 185| RECEIVER - ubuntu02
01:49:58,631 root DEBUG ubuntu01 wants to open the envelope | REQUEST ID - aa04045a-c7e3-4ba0-b802-153a9a6fb1bc | SENDER- ubuntu02 | AMOUNT- 146 TIMESTAMP- 610
01:49:58,632 root DEBUG Receiving ACK message | REQUEST ID - aa04045a-c7e3-4ba0-b802-153a9a6fb1bc | SENDER- ubuntu03 | AMOUNT - 146 | TIMESTAMP- 613
01:49:58,632 root DEBUG Receiving ACK message | REQUEST ID - aa04045a-c7e3-4ba0-b802-153a9a6fb1bc | SENDER- ubuntu02 | AMOUNT - 146 | TIMESTAMP- 614
01:49:58,632 root DEBUG Sending Release resource message | REQUEST ID - aa04045a-c7e3-4ba0-b802-153a9a6fb1bc | SENDER- ubuntu01 | CLAIMER- ubuntu02 | AMOUNT-146| TIMESTAMP- 615
01:49:58,633 root DEBUG Received envelope money| REQUEST ID - aa04045a-c7e3-4ba0-b802-153a9a6fb1bc | AMOUNT - 146| RECEIVER - ubuntu01
01:49:59,507 root DEBUG Sending red envelope | REQUEST ID - c60d80a9-e21e-49fb-97de-6cf16b09659d | SENDER - ubuntu01 | AMOUNT- 117 TIMESTAMP 620
01:50:00,128 root DEBUG Sending ACK message | REQUEST ID - 5cf6e096-1e77-4363-94a8-e20e19787dfb | SENDER- ubuntu01 | CLAIMER- ubuntu02 | AMOUNT- 47| TIMESTAMP- 622
01:50:00,130 root DEBUG Received envelope money| REQUEST ID - 5cf6e096-1e77-4363-94a8-e20e19787dfb | AMOUNT - 47| RECEIVER - ubuntu02
01:50:00,544 root DEBUG Sending ACK message | REQUEST ID - 6068e4fa-4a2a-4602-9b07-d0940f2d53a8 | SENDER- ubuntu01 | CLAIMER- ubuntu02 | AMOUNT- 137| TIMESTAMP- 633
01:50:00,545 root DEBUG Received envelope money| REQUEST ID - 6068e4fa-4a2a-4602-9b07-d0940f2d53a8 | AMOUNT - 137| RECEIVER - ubuntu02
01:50:00,903 root DEBUG Sending ACK message | REQUEST ID - c60d80a9-e21e-49fb-97de-6cf16b09659d | SENDER- ubuntu01 | CLAIMER- ubuntu02 | AMOUNT- 117| TIMESTAMP- 645
01:50:00,904 root DEBUG Host: ubuntu01 can't get the money since the envelope has already been opened
01:50:00,904 root DEBUG Received envelope money| REQUEST ID - c60d80a9-e21e-49fb-97de-6cf16b09659d | AMOUNT - 117| RECEIVER - ubuntu02
01:50:01,510 root DEBUG Sending red envelope | REQUEST ID - 6903fa5b-6760-4b7b-b71b-82e5ce11ebfb | SENDER - ubuntu01 | AMOUNT- 120 TIMESTAMP 651
01:50:01,941 root DEBUG ubuntu01 wants to open the envelope | REQUEST ID - 313113a6-ff61-4a4d-b37f-483dcc66329e | SENDER- ubuntu03 | AMOUNT- 165 TIMESTAMP- 653
01:50:01,942 root DEBUG Receiving ACK message | REQUEST ID - 313113a6-ff61-4a4d-b37f-483dcc66329e | SENDER- ubuntu02 | AMOUNT - 165 | TIMESTAMP- 656
01:50:01,942 root DEBUG Receiving ACK message | REQUEST ID - 313113a6-ff61-4a4d-b37f-483dcc66329e | SENDER- ubuntu03 | AMOUNT - 165 | TIMESTAMP- 657
01:50:01,943 root DEBUG Sending Release resource message | REQUEST ID - 313113a6-ff61-4a4d-b37f-483dcc66329e | SENDER- ubuntu01 | CLAIMER- ubuntu03 | AMOUNT-165| TIMESTAMP- 658
01:50:01,944 root DEBUG Received envelope money| REQUEST ID - 313113a6-ff61-4a4d-b37f-483dcc66329e | AMOUNT - 165| RECEIVER - ubuntu01
01:50:02,107 root DEBUG Sending ACK message | REQUEST ID - 6903fa5b-6760-4b7b-b71b-82e5ce11ebfb | SENDER- ubuntu01 | CLAIMER- ubuntu03 | AMOUNT- 120| TIMESTAMP- 664
01:50:02,109 root DEBUG Received envelope money| REQUEST ID - 6903fa5b-6760-4b7b-b71b-82e5ce11ebfb | AMOUNT - 120| RECEIVER - ubuntu03
01:50:02,137 root DEBUG ubuntu01 wants to open the envelope | REQUEST ID - 4e464581-5848-4aa5-823d-b5e98f8de751 | SENDER- ubuntu02 | AMOUNT- 178 TIMESTAMP- 671
01:50:02,138 root DEBUG Receiving ACK message | REQUEST ID - 4e464581-5848-4aa5-823d-b5e98f8de751 | SENDER- ubuntu02 | AMOUNT - 178 | TIMESTAMP- 674
01:50:02,138 root DEBUG Receiving ACK message | REQUEST ID - 4e464581-5848-4aa5-823d-b5e98f8de751 | SENDER- ubuntu03 | AMOUNT - 178 | TIMESTAMP- 675
01:50:02,138 root DEBUG Sending Release resource message | REQUEST ID - 4e464581-5848-4aa5-823d-b5e98f8de751 | SENDER- ubuntu01 | CLAIMER- ubuntu03 | AMOUNT-178| TIMESTAMP- 676
01:50:02,139 root DEBUG Received envelope money| REQUEST ID - 4e464581-5848-4aa5-823d-b5e98f8de751 | AMOUNT - 178| RECEIVER - ubuntu01
01:50:03,513 root DEBUG Sending red envelope | REQUEST ID - f911ffe2-0e23-40a7-9587-30c9f7b1028f | SENDER - ubuntu01 | AMOUNT- 129 TIMESTAMP 681
01:50:03,618 root DEBUG ubuntu01 wants to open the envelope | REQUEST ID - c4b29d6c-7b99-4384-9c22-c1b2c8ec84f8 | SENDER- ubuntu03 | AMOUNT- 59 TIMESTAMP- 683
01:50:03,618 root DEBUG Receiving ACK message | REQUEST ID - c4b29d6c-7b99-4384-9c22-c1b2c8ec84f8 | SENDER- ubuntu02 | AMOUNT - 59 | TIMESTAMP- 686
01:50:03,619 root DEBUG Receiving ACK message | REQUEST ID - c4b29d6c-7b99-4384-9c22-c1b2c8ec84f8 | SENDER- ubuntu03 | AMOUNT - 59 | TIMESTAMP- 687
01:50:03,619 root DEBUG Sending Release resource message | REQUEST ID - c4b29d6c-7b99-4384-9c22-c1b2c8ec84f8 | SENDER- ubuntu01 | CLAIMER- ubuntu03 | AMOUNT-59| TIMESTAMP- 688
01:50:03,620 root DEBUG Received envelope money| REQUEST ID - c4b29d6c-7b99-4384-9c22-c1b2c8ec84f8 | AMOUNT - 59| RECEIVER - ubuntu01
01:50:04,469 root DEBUG ubuntu01 wants to open the envelope | REQUEST ID - 3459b928-2062-4d48-8625-29aff414aaed | SENDER- ubuntu03 | AMOUNT- 171 TIMESTAMP- 694
01:50:04,470 root DEBUG Receiving ACK message | REQUEST ID - 3459b928-2062-4d48-8625-29aff414aaed | SENDER- ubuntu02 | AMOUNT - 171 | TIMESTAMP- 697
01:50:04,470 root DEBUG Receiving ACK message | REQUEST ID - 3459b928-2062-4d48-8625-29aff414aaed | SENDER- ubuntu03 | AMOUNT - 171 | TIMESTAMP- 698
01:50:04,470 root DEBUG Sending Release resource message | REQUEST ID - 3459b928-2062-4d48-8625-29aff414aaed | SENDER- ubuntu01 | CLAIMER- ubuntu03 | AMOUNT-171| TIMESTAMP- 699
01:50:04,473 root DEBUG Received envelope money| REQUEST ID - 3459b928-2062-4d48-8625-29aff414aaed | AMOUNT - 171| RECEIVER - ubuntu01
01:50:04,999 root DEBUG Sending ACK message | REQUEST ID - f911ffe2-0e23-40a7-9587-30c9f7b1028f | SENDER- ubuntu01 | CLAIMER- ubuntu03 | AMOUNT- 129| TIMESTAMP- 706
01:50:05,0 root DEBUG Received envelope money| REQUEST ID - f911ffe2-0e23-40a7-9587-30c9f7b1028f | AMOUNT - 129| RECEIVER - ubuntu03
01:50:05,35 root DEBUG Sending ACK message | REQUEST ID - e4266cd4-6e0f-46a6-aa56-af76a43599cf | SENDER- ubuntu01 | CLAIMER- ubuntu03 | AMOUNT- 86| TIMESTAMP- 717
01:50:05,36 root DEBUG Received envelope money| REQUEST ID - e4266cd4-6e0f-46a6-aa56-af76a43599cf | AMOUNT - 86| RECEIVER - ubuntu03
01:50:05,327 root DEBUG Sending ACK message | REQUEST ID - 3199e03b-c12b-46a6-9c03-ede98162d53c | SENDER- ubuntu01 | CLAIMER- ubuntu03 | AMOUNT- 90| TIMESTAMP- 728
01:50:05,328 root DEBUG Received envelope money| REQUEST ID - 3199e03b-c12b-46a6-9c03-ede98162d53c | AMOUNT - 90| RECEIVER - ubuntu03
01:50:05,425 root DEBUG Sending ACK message | REQUEST ID - c1eb89c3-40e2-45df-89f5-3f9d1936622a | SENDER- ubuntu01 | CLAIMER- ubuntu02 | AMOUNT- 179| TIMESTAMP- 737
01:50:05,426 root DEBUG Received envelope money| REQUEST ID - c1eb89c3-40e2-45df-89f5-3f9d1936622a | AMOUNT - 179| RECEIVER - ubuntu02
01:50:05,457 root DEBUG Host: ubuntu01 can't get the money since the envelope has already been opened
01:50:05,501 root DEBUG ubuntu01 wants to open the envelope | REQUEST ID - 29e7c137-14df-4f9c-bd71-26978293d340 | SENDER- ubuntu02 | AMOUNT- 92 TIMESTAMP- 744
01:50:05,502 root DEBUG Receiving ACK message | REQUEST ID - 29e7c137-14df-4f9c-bd71-26978293d340 | SENDER- ubuntu02 | AMOUNT - 92 | TIMESTAMP- 747
01:50:05,502 root DEBUG Receiving ACK message | REQUEST ID - 29e7c137-14df-4f9c-bd71-26978293d340 | SENDER- ubuntu03 | AMOUNT - 92 | TIMESTAMP- 748
01:50:05,503 root DEBUG Sending Release resource message | REQUEST ID - 29e7c137-14df-4f9c-bd71-26978293d340 | SENDER- ubuntu01 | CLAIMER- ubuntu03 | AMOUNT-92| TIMESTAMP- 749
01:50:05,503 root DEBUG Received envelope money| REQUEST ID - 29e7c137-14df-4f9c-bd71-26978293d340 | AMOUNT - 92| RECEIVER - ubuntu01
01:50:05,516 root DEBUG Sending red envelope | REQUEST ID - 2c6690ed-be75-4097-98f3-a46a28713297 | SENDER - ubuntu01 | AMOUNT- 70 TIMESTAMP 754
01:50:05,522 root DEBUG Host: ubuntu01 can't get the money since the envelope has already been opened
01:50:07,207 root DEBUG Sending ACK message | REQUEST ID - 2c6690ed-be75-4097-98f3-a46a28713297 | SENDER- ubuntu01 | CLAIMER- ubuntu03 | AMOUNT- 70| TIMESTAMP- 758
01:50:07,208 root DEBUG Received envelope money| REQUEST ID - 2c6690ed-be75-4097-98f3-a46a28713297 | AMOUNT - 70| RECEIVER - ubuntu03
01:50:07,405 root DEBUG Host: ubuntu01 can't get the money since the envelope has already been opened
01:50:07,517 root DEBUG Sending red envelope | REQUEST ID - 0f659de0-a95a-40a9-9f0d-0e966be6fdb4 | SENDER - ubuntu01 | AMOUNT- 161 TIMESTAMP 764
01:50:07,571 root DEBUG Sending ACK message | REQUEST ID - 0f659de0-a95a-40a9-9f0d-0e966be6fdb4 | SENDER- ubuntu01 | CLAIMER- ubuntu03 | AMOUNT- 161| TIMESTAMP- 769
01:50:07,572 root DEBUG Received envelope money| REQUEST ID - 0f659de0-a95a-40a9-9f0d-0e966be6fdb4 | AMOUNT - 161| RECEIVER - ubuntu03
01:50:07,613 root DEBUG ubuntu01 wants to open the envelope | REQUEST ID - 074f22f7-84c6-4321-8875-e4ec39cf6741 | SENDER- ubuntu03 | AMOUNT- 32 TIMESTAMP- 776
01:50:07,614 root DEBUG Receiving ACK message | REQUEST ID - 074f22f7-84c6-4321-8875-e4ec39cf6741 | SENDER- ubuntu02 | AMOUNT - 32 | TIMESTAMP- 779
01:50:07,614 root DEBUG Receiving ACK message | REQUEST ID - 074f22f7-84c6-4321-8875-e4ec39cf6741 | SENDER- ubuntu03 | AMOUNT - 32 | TIMESTAMP- 780
01:50:07,615 root DEBUG Sending Release resource message | REQUEST ID - 074f22f7-84c6-4321-8875-e4ec39cf6741 | SENDER- ubuntu01 | CLAIMER- ubuntu03 | AMOUNT-32| TIMESTAMP- 781
01:50:07,615 root DEBUG Received envelope money| REQUEST ID - 074f22f7-84c6-4321-8875-e4ec39cf6741 | AMOUNT - 32| RECEIVER - ubuntu01
01:50:09,215 root DEBUG Sending ACK message | REQUEST ID - 8b10fedf-d80d-47b0-86b2-bdba235c6d24 | SENDER- ubuntu01 | CLAIMER- ubuntu03 | AMOUNT- 125| TIMESTAMP- 788
01:50:09,217 root DEBUG Received envelope money| REQUEST ID - 8b10fedf-d80d-47b0-86b2-bdba235c6d24 | AMOUNT - 125| RECEIVER - ubuntu03
01:50:09,520 root DEBUG Sending red envelope | REQUEST ID - bd116ef4-9340-4791-9efd-0471a2a12a18 | SENDER - ubuntu01 | AMOUNT- 157 TIMESTAMP 794
01:50:10,127 root DEBUG Sending ACK message | REQUEST ID - bede1ac5-137b-4e90-8f57-a2989f7aa4f8 | SENDER- ubuntu01 | CLAIMER- ubuntu03 | AMOUNT- 69| TIMESTAMP- 799
01:50:10,128 root DEBUG Received envelope money| REQUEST ID - bede1ac5-137b-4e90-8f57-a2989f7aa4f8 | AMOUNT - 69| RECEIVER - ubuntu03
01:50:10,545 root DEBUG Sending ACK message | REQUEST ID - bd116ef4-9340-4791-9efd-0471a2a12a18 | SENDER- ubuntu01 | CLAIMER- ubuntu02 | AMOUNT- 157| TIMESTAMP- 808
01:50:10,546 root DEBUG Received envelope money| REQUEST ID - bd116ef4-9340-4791-9efd-0471a2a12a18 | AMOUNT - 157| RECEIVER - ubuntu02
01:50:10,577 root DEBUG Host: ubuntu01 can't get the money since the envelope has already been opened
01:50:11,521 root DEBUG Sending red envelope | REQUEST ID - a9e31f2e-b70c-4adf-91e3-89c24c1e3811 | SENDER - ubuntu01 | AMOUNT- 104 TIMESTAMP 814
01:50:11,621 root DEBUG ubuntu01 wants to open the envelope | REQUEST ID - 997605e9-9cea-432c-8ea3-6ecd4cbdb562 | SENDER- ubuntu03 | AMOUNT- 149 TIMESTAMP- 816
01:50:11,622 root DEBUG Receiving ACK message | REQUEST ID - 997605e9-9cea-432c-8ea3-6ecd4cbdb562 | SENDER- ubuntu02 | AMOUNT - 149 | TIMESTAMP- 819
01:50:11,622 root DEBUG Receiving ACK message | REQUEST ID - 997605e9-9cea-432c-8ea3-6ecd4cbdb562 | SENDER- ubuntu03 | AMOUNT - 149 | TIMESTAMP- 820
01:50:11,623 root DEBUG Sending Release resource message | REQUEST ID - 997605e9-9cea-432c-8ea3-6ecd4cbdb562 | SENDER- ubuntu01 | CLAIMER- ubuntu03 | AMOUNT-149| TIMESTAMP- 821
01:50:11,625 root DEBUG Received envelope money| REQUEST ID - 997605e9-9cea-432c-8ea3-6ecd4cbdb562 | AMOUNT - 149| RECEIVER - ubuntu01
01:50:12,281 root DEBUG Sending ACK message | REQUEST ID - 98401304-56f6-4d84-8857-56bf6a0b258f | SENDER- ubuntu01 | CLAIMER- ubuntu02 | AMOUNT- 73| TIMESTAMP- 827
01:50:12,282 root DEBUG Received envelope money| REQUEST ID - 98401304-56f6-4d84-8857-56bf6a0b258f | AMOUNT - 73| RECEIVER - ubuntu02
01:50:13,466 root DEBUG ubuntu01 wants to open the envelope | REQUEST ID - 9ed36377-f1ca-4f7b-9044-9b09455f19c2 | SENDER- ubuntu02 | AMOUNT- 118 TIMESTAMP- 837
01:50:13,468 root DEBUG Receiving ACK message | REQUEST ID - 9ed36377-f1ca-4f7b-9044-9b09455f19c2 | SENDER- ubuntu03 | AMOUNT - 118 | TIMESTAMP- 840
01:50:13,469 root DEBUG Receiving ACK message | REQUEST ID - 9ed36377-f1ca-4f7b-9044-9b09455f19c2 | SENDER- ubuntu02 | AMOUNT - 118 | TIMESTAMP- 841
01:50:13,469 root DEBUG Sending Release resource message | REQUEST ID - 9ed36377-f1ca-4f7b-9044-9b09455f19c2 | SENDER- ubuntu01 | CLAIMER- ubuntu02 | AMOUNT-118| TIMESTAMP- 842
01:50:13,470 root DEBUG Received envelope money| REQUEST ID - 9ed36377-f1ca-4f7b-9044-9b09455f19c2 | AMOUNT - 118| RECEIVER - ubuntu01
01:50:13,524 root DEBUG Sending red envelope | REQUEST ID - f7aa442b-0c24-46fd-b7f6-a14620974c57 | SENDER - ubuntu01 | AMOUNT- 156 TIMESTAMP 847
01:50:13,561 root DEBUG Sending ACK message | REQUEST ID - 915ac700-dc2f-4c15-8d2a-f3b5493fbb82 | SENDER- ubuntu01 | CLAIMER- ubuntu02 | AMOUNT- 157| TIMESTAMP- 849
01:50:13,562 root DEBUG Received envelope money| REQUEST ID - 915ac700-dc2f-4c15-8d2a-f3b5493fbb82 | AMOUNT - 157| RECEIVER - ubuntu02
01:50:13,597 root DEBUG Host: ubuntu01 can't get the money since the envelope has already been opened
01:50:13,761 root DEBUG Sending ACK message | REQUEST ID - a9e31f2e-b70c-4adf-91e3-89c24c1e3811 | SENDER- ubuntu01 | CLAIMER- ubuntu02 | AMOUNT- 104| TIMESTAMP- 859
01:50:13,764 root DEBUG Received envelope money| REQUEST ID - a9e31f2e-b70c-4adf-91e3-89c24c1e3811 | AMOUNT - 104| RECEIVER - ubuntu02
01:50:14,99 root DEBUG Sending ACK message | REQUEST ID - f7aa442b-0c24-46fd-b7f6-a14620974c57 | SENDER- ubuntu01 | CLAIMER- ubuntu03 | AMOUNT- 156| TIMESTAMP- 868
01:50:14,104 root DEBUG Received envelope money| REQUEST ID - f7aa442b-0c24-46fd-b7f6-a14620974c57 | AMOUNT - 156| RECEIVER - ubuntu03
01:50:14,809 root DEBUG Host: ubuntu01 can't get the money since the envelope has already been opened
01:50:14,837 root DEBUG ubuntu01 wants to open the envelope | REQUEST ID - 49fb57ec-e823-46ba-9f4c-18fbbae09a3d | SENDER- ubuntu03 | AMOUNT- 84 TIMESTAMP- 878
01:50:14,838 root DEBUG Receiving ACK message | REQUEST ID - 49fb57ec-e823-46ba-9f4c-18fbbae09a3d | SENDER- ubuntu03 | AMOUNT - 84 | TIMESTAMP- 881
01:50:14,839 root DEBUG Receiving ACK message | REQUEST ID - 49fb57ec-e823-46ba-9f4c-18fbbae09a3d | SENDER- ubuntu02 | AMOUNT - 84 | TIMESTAMP- 882
01:50:14,839 root DEBUG Sending Release resource message | REQUEST ID - 49fb57ec-e823-46ba-9f4c-18fbbae09a3d | SENDER- ubuntu01 | CLAIMER- ubuntu02 | AMOUNT-84| TIMESTAMP- 883
01:50:14,840 root DEBUG Received envelope money| REQUEST ID - 49fb57ec-e823-46ba-9f4c-18fbbae09a3d | AMOUNT - 84| RECEIVER - ubuntu01
01:50:15,525 root DEBUG Sending red envelope | REQUEST ID - 3b259b83-bda6-491e-895f-19c5bd9ae52f | SENDER - ubuntu01 | AMOUNT- 173 TIMESTAMP 888
01:50:15,573 root DEBUG ubuntu01 wants to open the envelope | REQUEST ID - 76aa0823-724a-4f81-a06e-a80fb98240c0 | SENDER- ubuntu02 | AMOUNT- 151 TIMESTAMP- 890
01:50:15,574 root DEBUG Receiving ACK message | REQUEST ID - 76aa0823-724a-4f81-a06e-a80fb98240c0 | SENDER- ubuntu03 | AMOUNT - 151 | TIMESTAMP- 893
01:50:15,575 root DEBUG Receiving ACK message | REQUEST ID - 76aa0823-724a-4f81-a06e-a80fb98240c0 | SENDER- ubuntu02 | AMOUNT - 151 | TIMESTAMP- 894
01:50:15,575 root DEBUG Sending Release resource message | REQUEST ID - 76aa0823-724a-4f81-a06e-a80fb98240c0 | SENDER- ubuntu01 | CLAIMER- ubuntu02 | AMOUNT-151| TIMESTAMP- 895
01:50:15,576 root DEBUG Received envelope money| REQUEST ID - 76aa0823-724a-4f81-a06e-a80fb98240c0 | AMOUNT - 151| RECEIVER - ubuntu01
01:50:17,95 root DEBUG Sending ACK message | REQUEST ID - 3b259b83-bda6-491e-895f-19c5bd9ae52f | SENDER- ubuntu01 | CLAIMER- ubuntu03 | AMOUNT- 173| TIMESTAMP- 902
01:50:17,97 root DEBUG Received envelope money| REQUEST ID - 3b259b83-bda6-491e-895f-19c5bd9ae52f | AMOUNT - 173| RECEIVER - ubuntu03
01:50:17,385 root DEBUG Sending ACK message | REQUEST ID - 9f202275-3739-49e7-8cf8-0616adf5ba0e | SENDER- ubuntu01 | CLAIMER- ubuntu02 | AMOUNT- 87| TIMESTAMP- 911
01:50:17,385 root DEBUG Received envelope money| REQUEST ID - 9f202275-3739-49e7-8cf8-0616adf5ba0e | AMOUNT - 87| RECEIVER - ubuntu02
01:50:17,448 root DEBUG Host: ubuntu01 can't get the money since the envelope has already been opened
01:50:17,528 root DEBUG Sending red envelope | REQUEST ID - cc4a0056-a031-4882-aaff-7c3295a54a64 | SENDER - ubuntu01 | AMOUNT- 135 TIMESTAMP 917
01:50:18,737 root DEBUG Host: ubuntu01 can't get the money since the envelope has already been opened
01:50:18,741 root DEBUG Sending ACK message | REQUEST ID - cc4a0056-a031-4882-aaff-7c3295a54a64 | SENDER- ubuntu01 | CLAIMER- ubuntu02 | AMOUNT- 135| TIMESTAMP- 923
01:50:18,743 root DEBUG Received envelope money| REQUEST ID - cc4a0056-a031-4882-aaff-7c3295a54a64 | AMOUNT - 135| RECEIVER - ubuntu02
01:50:18,923 root DEBUG Sending ACK message | REQUEST ID - e39a6e41-b5ef-44df-9cbf-abdbecb94355 | SENDER- ubuntu01 | CLAIMER- ubuntu03 | AMOUNT- 107| TIMESTAMP- 933
01:50:18,926 root DEBUG Received envelope money| REQUEST ID - e39a6e41-b5ef-44df-9cbf-abdbecb94355 | AMOUNT - 107| RECEIVER - ubuntu03
01:50:19,95 root DEBUG Sending ACK message | REQUEST ID - 731146e4-52d7-431f-943c-066cef8b78a5 | SENDER- ubuntu01 | CLAIMER- ubuntu03 | AMOUNT- 8| TIMESTAMP- 944
01:50:19,96 root DEBUG Received envelope money| REQUEST ID - 731146e4-52d7-431f-943c-066cef8b78a5 | AMOUNT - 8| RECEIVER - ubuntu03
01:50:19,358 root DEBUG ubuntu01 wants to open the envelope | REQUEST ID - 382c6d5a-6681-4288-8ef8-d26ed3d34d1e | SENDER- ubuntu03 | AMOUNT- 89 TIMESTAMP- 951
01:50:19,358 root DEBUG Receiving ACK message | REQUEST ID - 382c6d5a-6681-4288-8ef8-d26ed3d34d1e | SENDER- ubuntu03 | AMOUNT - 89 | TIMESTAMP- 954
01:50:19,359 root DEBUG Receiving ACK message | REQUEST ID - 382c6d5a-6681-4288-8ef8-d26ed3d34d1e | SENDER- ubuntu02 | AMOUNT - 89 | TIMESTAMP- 955
01:50:19,359 root DEBUG Sending Release resource message | REQUEST ID - 382c6d5a-6681-4288-8ef8-d26ed3d34d1e | SENDER- ubuntu01 | CLAIMER- ubuntu02 | AMOUNT-89| TIMESTAMP- 956
01:50:19,360 root DEBUG Received envelope money| REQUEST ID - 382c6d5a-6681-4288-8ef8-d26ed3d34d1e | AMOUNT - 89| RECEIVER - ubuntu01
01:50:19,529 root DEBUG Sending red envelope | REQUEST ID - 7a5343a4-8427-40e8-ac06-9e79aaae9114 | SENDER - ubuntu01 | AMOUNT- 56 TIMESTAMP 961
01:50:19,741 root DEBUG ubuntu01 wants to open the envelope | REQUEST ID - b3187ecc-c365-44e6-98d0-6094453ead8d | SENDER- ubuntu02 | AMOUNT- 17 TIMESTAMP- 963
01:50:19,742 root DEBUG Receiving ACK message | REQUEST ID - b3187ecc-c365-44e6-98d0-6094453ead8d | SENDER- ubuntu03 | AMOUNT - 17 | TIMESTAMP- 966
01:50:19,743 root DEBUG Receiving ACK message | REQUEST ID - b3187ecc-c365-44e6-98d0-6094453ead8d | SENDER- ubuntu02 | AMOUNT - 17 | TIMESTAMP- 967
01:50:19,743 root DEBUG Sending Release resource message | REQUEST ID - b3187ecc-c365-44e6-98d0-6094453ead8d | SENDER- ubuntu01 | CLAIMER- ubuntu02 | AMOUNT-17| TIMESTAMP- 968
01:50:19,744 root DEBUG Received envelope money| REQUEST ID - b3187ecc-c365-44e6-98d0-6094453ead8d | AMOUNT - 17| RECEIVER - ubuntu01
01:50:20,217 root DEBUG Sending ACK message | REQUEST ID - 7a5343a4-8427-40e8-ac06-9e79aaae9114 | SENDER- ubuntu01 | CLAIMER- ubuntu02 | AMOUNT- 56| TIMESTAMP- 974
01:50:20,217 root DEBUG Received envelope money| REQUEST ID - 7a5343a4-8427-40e8-ac06-9e79aaae9114 | AMOUNT - 56| RECEIVER - ubuntu02
01:50:21,323 root DEBUG Sending ACK message | REQUEST ID - a365402b-48e5-4b89-88ff-7153e6a3ba20 | SENDER- ubuntu01 | CLAIMER- ubuntu03 | AMOUNT- 80| TIMESTAMP- 986
01:50:21,325 root DEBUG Received envelope money| REQUEST ID - a365402b-48e5-4b89-88ff-7153e6a3ba20 | AMOUNT - 80| RECEIVER - ubuntu03
01:50:21,473 root DEBUG Host: ubuntu01 can't get the money since the envelope has already been opened
01:50:21,532 root DEBUG Sending red envelope | REQUEST ID - bc5a7d42-4292-4caf-bc96-93e3ccc3f0c1 | SENDER - ubuntu01 | AMOUNT- 14 TIMESTAMP 992
01:50:22,563 root DEBUG Host: ubuntu01 can't get the money since the envelope has already been opened
01:50:23,474 root DEBUG ubuntu01 wants to open the envelope | REQUEST ID - 5908a993-089e-4ff9-b0b3-37dbee262f79 | SENDER- ubuntu03 | AMOUNT- 15 TIMESTAMP- 996
01:50:23,474 root DEBUG Receiving ACK message | REQUEST ID - 5908a993-089e-4ff9-b0b3-37dbee262f79 | SENDER- ubuntu03 | AMOUNT - 15 | TIMESTAMP- 999
01:50:23,475 root DEBUG Receiving ACK message | REQUEST ID - 5908a993-089e-4ff9-b0b3-37dbee262f79 | SENDER- ubuntu02 | AMOUNT - 15 | TIMESTAMP- 1000
01:50:23,475 root DEBUG Sending Release resource message | REQUEST ID - 5908a993-089e-4ff9-b0b3-37dbee262f79 | SENDER- ubuntu01 | CLAIMER- ubuntu02 | AMOUNT-15| TIMESTAMP- 1001
01:50:23,476 root DEBUG Received envelope money| REQUEST ID - 5908a993-089e-4ff9-b0b3-37dbee262f79 | AMOUNT - 15| RECEIVER - ubuntu01
01:50:23,533 root DEBUG Sending red envelope | REQUEST ID - cc43c76c-3358-4c19-9af2-d591d5a5e336 | SENDER - ubuntu01 | AMOUNT- 149 TIMESTAMP 1006
01:50:24,146 root DEBUG ubuntu01 wants to open the envelope | REQUEST ID - ff6141ee-5aee-47f9-b912-23fbf5553114 | SENDER- ubuntu02 | AMOUNT- 176 TIMESTAMP- 1008
01:50:24,147 root DEBUG Receiving ACK message | REQUEST ID - ff6141ee-5aee-47f9-b912-23fbf5553114 | SENDER- ubuntu03 | AMOUNT - 176 | TIMESTAMP- 1011
01:50:24,148 root DEBUG Receiving ACK message | REQUEST ID - ff6141ee-5aee-47f9-b912-23fbf5553114 | SENDER- ubuntu02 | AMOUNT - 176 | TIMESTAMP- 1012
01:50:24,148 root DEBUG Sending Release resource message | REQUEST ID - ff6141ee-5aee-47f9-b912-23fbf5553114 | SENDER- ubuntu01 | CLAIMER- ubuntu02 | AMOUNT-176| TIMESTAMP- 1013
01:50:24,149 root DEBUG Received envelope money| REQUEST ID - ff6141ee-5aee-47f9-b912-23fbf5553114 | AMOUNT - 176| RECEIVER - ubuntu01
01:50:24,597 root DEBUG Host: ubuntu01 can't get the money since the envelope has already been opened
01:50:24,701 root DEBUG Sending ACK message | REQUEST ID - cc43c76c-3358-4c19-9af2-d591d5a5e336 | SENDER- ubuntu01 | CLAIMER- ubuntu02 | AMOUNT- 149| TIMESTAMP- 1020
01:50:24,703 root DEBUG Received envelope money| REQUEST ID - cc43c76c-3358-4c19-9af2-d591d5a5e336 | AMOUNT - 149| RECEIVER - ubuntu02
01:50:24,777 root DEBUG Sending ACK message | REQUEST ID - bc5a7d42-4292-4caf-bc96-93e3ccc3f0c1 | SENDER- ubuntu01 | CLAIMER- ubuntu02 | AMOUNT- 14| TIMESTAMP- 1031
01:50:24,793 root DEBUG Received envelope money| REQUEST ID - bc5a7d42-4292-4caf-bc96-93e3ccc3f0c1 | AMOUNT - 14| RECEIVER - ubuntu02
01:50:24,850 root DEBUG ubuntu01 wants to open the envelope | REQUEST ID - 5d28fdf0-365a-44c0-af6c-3139306e969b | SENDER- ubuntu02 | AMOUNT- 109 TIMESTAMP- 1038
01:50:24,850 root DEBUG Receiving ACK message | REQUEST ID - 5d28fdf0-365a-44c0-af6c-3139306e969b | SENDER- ubuntu03 | AMOUNT - 109 | TIMESTAMP- 1041
01:50:24,851 root DEBUG Receiving ACK message | REQUEST ID - 5d28fdf0-365a-44c0-af6c-3139306e969b | SENDER- ubuntu02 | AMOUNT - 109 | TIMESTAMP- 1042
01:50:24,851 root DEBUG Sending Release resource message | REQUEST ID - 5d28fdf0-365a-44c0-af6c-3139306e969b | SENDER- ubuntu01 | CLAIMER- ubuntu02 | AMOUNT-109| TIMESTAMP- 1043
01:50:24,852 root DEBUG Received envelope money| REQUEST ID - 5d28fdf0-365a-44c0-af6c-3139306e969b | AMOUNT - 109| RECEIVER - ubuntu01
01:50:24,856 root DEBUG Sending ACK message | REQUEST ID - 7ed1fe7c-b521-43c1-9597-e21b6b90b8fd | SENDER- ubuntu01 | CLAIMER- ubuntu02 | AMOUNT- 76| TIMESTAMP- 1049
01:50:24,857 root DEBUG Received envelope money| REQUEST ID - 7ed1fe7c-b521-43c1-9597-e21b6b90b8fd | AMOUNT - 76| RECEIVER - ubuntu02
01:50:25,536 root DEBUG Sending red envelope | REQUEST ID - dcda3533-2044-441e-a62a-e3c5c3aee7f2 | SENDER - ubuntu01 | AMOUNT- 40 TIMESTAMP 1055
01:50:25,885 root DEBUG Sending ACK message | REQUEST ID - dcda3533-2044-441e-a62a-e3c5c3aee7f2 | SENDER- ubuntu01 | CLAIMER- ubuntu02 | AMOUNT- 40| TIMESTAMP- 1060
01:50:25,886 root DEBUG Received envelope money| REQUEST ID - dcda3533-2044-441e-a62a-e3c5c3aee7f2 | AMOUNT - 40| RECEIVER - ubuntu02
01:50:26,381 root DEBUG Sending ACK message | REQUEST ID - bc0b6d4c-6287-4126-b7cc-57163216923d | SENDER- ubuntu01 | CLAIMER- ubuntu02 | AMOUNT- 20| TIMESTAMP- 1071
01:50:26,386 root DEBUG Received envelope money| REQUEST ID - bc0b6d4c-6287-4126-b7cc-57163216923d | AMOUNT - 20| RECEIVER - ubuntu02
01:50:27,537 root DEBUG Sending red envelope | REQUEST ID - 8884d776-319d-4972-b2ee-bd02e307926b | SENDER - ubuntu01 | AMOUNT- 90 TIMESTAMP 1077
01:50:27,903 root DEBUG Sending ACK message | REQUEST ID - 8884d776-319d-4972-b2ee-bd02e307926b | SENDER- ubuntu01 | CLAIMER- ubuntu03 | AMOUNT- 90| TIMESTAMP- 1081
01:50:27,904 root DEBUG Received envelope money| REQUEST ID - 8884d776-319d-4972-b2ee-bd02e307926b | AMOUNT - 90| RECEIVER - ubuntu03
01:50:28,221 root DEBUG Host: ubuntu01 can't get the money since the envelope has already been opened
01:50:28,502 root DEBUG ubuntu01 wants to open the envelope | REQUEST ID - 3e5ea80e-bb8b-42c0-be68-6e9bed66da49 | SENDER- ubuntu02 | AMOUNT- 93 TIMESTAMP- 1088
01:50:28,503 root DEBUG Receiving ACK message | REQUEST ID - 3e5ea80e-bb8b-42c0-be68-6e9bed66da49 | SENDER- ubuntu02 | AMOUNT - 93 | TIMESTAMP- 1091
01:50:28,503 root DEBUG Receiving ACK message | REQUEST ID - 3e5ea80e-bb8b-42c0-be68-6e9bed66da49 | SENDER- ubuntu03 | AMOUNT - 93 | TIMESTAMP- 1092
01:50:28,503 root DEBUG Sending Release resource message | REQUEST ID - 3e5ea80e-bb8b-42c0-be68-6e9bed66da49 | SENDER- ubuntu01 | CLAIMER- ubuntu03 | AMOUNT-93| TIMESTAMP- 1093
01:50:28,504 root DEBUG Received envelope money| REQUEST ID - 3e5ea80e-bb8b-42c0-be68-6e9bed66da49 | AMOUNT - 93| RECEIVER - ubuntu01
01:50:28,554 root DEBUG ubuntu01 wants to open the envelope | REQUEST ID - c1ab5805-dc18-4f2e-9a80-62e8c048f4b8 | SENDER- ubuntu03 | AMOUNT- 75 TIMESTAMP- 1099
01:50:28,554 root DEBUG Receiving ACK message | REQUEST ID - c1ab5805-dc18-4f2e-9a80-62e8c048f4b8 | SENDER- ubuntu03 | AMOUNT - 75 | TIMESTAMP- 1102
01:50:28,555 root DEBUG Receiving ACK message | REQUEST ID - c1ab5805-dc18-4f2e-9a80-62e8c048f4b8 | SENDER- ubuntu02 | AMOUNT - 75 | TIMESTAMP- 1103
01:50:28,555 root DEBUG Sending Release resource message | REQUEST ID - c1ab5805-dc18-4f2e-9a80-62e8c048f4b8 | SENDER- ubuntu01 | CLAIMER- ubuntu02 | AMOUNT-75| TIMESTAMP- 1104
01:50:28,556 root DEBUG Received envelope money| REQUEST ID - c1ab5805-dc18-4f2e-9a80-62e8c048f4b8 | AMOUNT - 75| RECEIVER - ubuntu01
01:50:28,878 root DEBUG ubuntu01 wants to open the envelope | REQUEST ID - cdbbcb03-3483-45db-b44d-1a786b7e1f64 | SENDER- ubuntu02 | AMOUNT- 94 TIMESTAMP- 1110
01:50:28,878 root DEBUG Receiving ACK message | REQUEST ID - cdbbcb03-3483-45db-b44d-1a786b7e1f64 | SENDER- ubuntu03 | AMOUNT - 94 | TIMESTAMP- 1113
01:50:28,879 root DEBUG Receiving ACK message | REQUEST ID - cdbbcb03-3483-45db-b44d-1a786b7e1f64 | SENDER- ubuntu02 | AMOUNT - 94 | TIMESTAMP- 1114
01:50:28,879 root DEBUG Sending Release resource message | REQUEST ID - cdbbcb03-3483-45db-b44d-1a786b7e1f64 | SENDER- ubuntu01 | CLAIMER- ubuntu02 | AMOUNT-94| TIMESTAMP- 1115
01:50:28,880 root DEBUG Received envelope money| REQUEST ID - cdbbcb03-3483-45db-b44d-1a786b7e1f64 | AMOUNT - 94| RECEIVER - ubuntu01
01:50:29,540 root DEBUG Sending red envelope | REQUEST ID - e29e284a-516e-4d84-b793-457fd586cde1 | SENDER - ubuntu01 | AMOUNT- 200 TIMESTAMP 1120
01:50:29,975 root DEBUG Sending ACK message | REQUEST ID - e29e284a-516e-4d84-b793-457fd586cde1 | SENDER- ubuntu01 | CLAIMER- ubuntu03 | AMOUNT- 200| TIMESTAMP- 1124
01:50:29,976 root DEBUG Received envelope money| REQUEST ID - e29e284a-516e-4d84-b793-457fd586cde1 | AMOUNT - 200| RECEIVER - ubuntu03
01:50:32,113 root DEBUG Host: ubuntu01 can't get the money since the envelope has already been opened
